            --------------------------------------------------------
                             AMBER SQM VERSION 19
 
                                     By
              Ross C. Walker, Michael F. Crowley, Scott Brozell,
                         Tim Giese, Andreas W. Goetz,
                        Tai-Sung Lee and David A. Case
 
            --------------------------------------------------------
 

--------------------------------------------------------------------------------
  QM CALCULATION INFO
--------------------------------------------------------------------------------

| QMMM: Citation for AMBER QMMM Run:
| QMMM: R.C. Walker, M.F. Crowley and D.A. Case, J. COMP. CHEM. 29:1019, 2008

QMMM: SINGLET STATE CALCULATION
QMMM: RHF CALCULATION, NO. OF DOUBLY OCCUPIED LEVELS = 28

| QMMM: *** Selected Hamiltonian *** 
| QMMM: AM1         

| QMMM: *** Parameter sets in use ***
| QMMM: O : M.J.S.DEWAR et al. JACS, 107, 3902, (1985)
| QMMM: N : M.J.S.DEWAR et al. JACS, 107, 3902, (1985)
| QMMM: C : M.J.S.DEWAR et al. JACS, 107, 3902, (1985)
| QMMM: H : M.J.S.DEWAR et al. JACS, 107, 3902, (1985)

| QMMM: *** SCF convergence criteria ***
| QMMM: Energy change                :  0.1D-09 kcal/mol
| QMMM: Error matrix |FP-PF|         :  0.1D+00 au
| QMMM: Density matrix change        :  0.5D-06
| QMMM: Maximum number of SCF cycles :     1000

| QMMM: *** Diagonalization Routine Information ***
| QMMM: Pseudo diagonalizations are allowed.
| QMMM: Auto diagonalization routine selection is in use.
| QMMM:
| QMMM: Timing diagonalization routines:
| QMMM:                              norbs =       48
| QMMM:    diag iterations used for timing =       20
| QMMM:
| QMMM:              Internal diag routine = 0.005426 seconds
| QMMM:                 Dspev diag routine = 0.006173 seconds
| QMMM:                Dspevd diag routine = 0.005606 seconds
| QMMM:                Dspevx diag routine = 0.023671 seconds
| QMMM:                 Dsyev diag routine = 0.006482 seconds
| QMMM:                Dsyevd diag routine = 0.005964 seconds
| QMMM:                Dsyevr diag routine = 0.007555 seconds
| QMMM:
| QMMM:                Pseudo diag routine = 0.001780 seconds
| QMMM:
| QMMM: Using internal diagonalization routine (diag_routine=1).

  QMMM: QM Region Cartesian Coordinates (*=link atom) 
  QMMM: QM_NO.   MM_NO.  ATOM         X         Y         Z
  QMMM:     1        1      O        8.1330    1.1750   35.9460
  QMMM:     2        2      O       11.3700    2.0770   39.1480
  QMMM:     3        3      N       10.4460    3.8630   38.0180
  QMMM:     4        4      N        8.0310    4.1780   35.5240
  QMMM:     5        5      N        9.7520    1.6340   37.5470
  QMMM:     6        6      N        9.3210    5.5840   36.6890
  QMMM:     7        7      C        8.7760    3.4040   36.3650
  QMMM:     8        8      C        9.5530    4.2930   37.0620
  QMMM:     9        9      C        8.8180    1.9880   36.5580
  QMMM:    10       10      C       10.5820    2.5000   38.3010
  QMMM:    11       11      C        8.3950    5.4820   35.7560
  QMMM:    12       12      H       11.0010    4.5560   38.5100
  QMMM:    13       13      H        7.3430    3.8580   34.8550
  QMMM:    14       14      H        9.8440    0.6420   37.7470
  QMMM:    15       15      H        7.9480    6.3030   35.2120

--------------------------------------------------------------------------------
  RESULTS
--------------------------------------------------------------------------------

      iter         sqm energy              rms gradient
      ----    -------------------    -----------------------
xmin    10       -8.4203 kcal/mol        0.0019 kcal/(mol*A)
  ... geometry converged !
 
 Final MO eigenvalues (eV):
 -42.4330  -40.3422  -39.0501  -36.4449  -34.7714  -33.2722  -29.9227  -25.2415
 -24.5442  -23.1878  -21.1358  -20.0330  -18.6987  -17.8971  -17.4157  -17.2464
 -16.2402  -15.5925  -15.4248  -15.2335  -14.9899  -12.8216  -12.6834  -12.0065
 -11.5278  -11.2958  -11.1080   -9.3359   -0.5109    0.3929    0.5561    0.9202
   1.2060    1.6760    2.0008    2.6550    2.9606    3.2015    3.7325    4.0771
   4.6064    4.8080    4.8790    5.4441    5.6607    5.8446    6.1164    6.6596


 Heat of formation   =         -8.42033458 kcal/mol  (       -0.36513311 eV)

 Total SCF energy    =     -49874.35538067 kcal/mol  (    -2162.71433939 eV)
 Electronic energy   =    -217599.58420826 kcal/mol  (    -9435.82603566 eV)
 Core-core repulsion =     167725.22882759 kcal/mol  (     7273.11169627 eV)
 
    Atomic Charges for Step       1 :
  Atom    Element       Mulliken Charge
     1      O                 -0.342
     2      O                 -0.358
     3      N                 -0.280
     4      N                 -0.152
     5      N                 -0.361
     6      N                 -0.157
     7      C                 -0.244
     8      C                  0.079
     9      C                  0.399
    10      C                  0.406
    11      C                 -0.037
    12      H                  0.282
    13      H                  0.279
    14      H                  0.273
    15      H                  0.211
 Total Mulliken Charge =      -0.000
 
                  X        Y        Z     TOTAL  
  QM DIPOLE    -2.061    2.442   -2.359    3.972
 
 Final Structure

  QMMM: QM Region Cartesian Coordinates (*=link atom) 
  QMMM: QM_NO.   MM_NO.  ATOM         X         Y         Z
  QMMM:     1        1      O        8.1493    1.1305   35.9675
  QMMM:     2        2      O       11.3604    2.0592   39.1411
  QMMM:     3        3      N       10.4747    3.8757   38.0456
  QMMM:     4        4      N        7.9979    4.1885   35.4884
  QMMM:     5        5      N        9.7522    1.5945   37.5516
  QMMM:     6        6      N        9.3164    5.6511   36.6767
  QMMM:     7        7      C        8.7690    3.4169   36.3562
  QMMM:     8        8      C        9.5871    4.3376   37.0920
  QMMM:     9        9      C        8.8268    1.9814   36.5675
  QMMM:    10       10      C       10.5617    2.4881   38.2816
  QMMM:    11       11      C        8.3602    5.5115   35.7170
  QMMM:    12       12      H       11.0535    4.4916   38.5701
  QMMM:    13       13      H        7.3338    3.8337   34.8493
  QMMM:    14       14      H        9.8578    0.6246   37.7623
  QMMM:    15       15      H        7.9121    6.3521   35.1711

           --------- Calculation Completed ----------

