-I: Adding /opt/install/conda/envs/ambertools/dat/leap/prep to search path.
-I: Adding /opt/install/conda/envs/ambertools/dat/leap/lib to search path.
-I: Adding /opt/install/conda/envs/ambertools/dat/leap/parm to search path.
-I: Adding /opt/install/conda/envs/ambertools/dat/leap/cmd to search path.
-f: Source tleap_ligOnly.in.

Welcome to LEaP!
(no leaprc in search path)
Sourcing: ./tleap_ligOnly.in
----- Source: /opt/install/conda/envs/ambertools/dat/leap/cmd/leaprc.gaff2
----- Source of /opt/install/conda/envs/ambertools/dat/leap/cmd/leaprc.gaff2 done
Log file: ./leap.log
Loading parameters: /opt/install/conda/envs/ambertools/dat/leap/parm/gaff2.dat
Reading title:
AMBER General Force Field for organic molecules (Version 2.11, May 2016)
----- Source: /opt/install/conda/envs/ambertools/dat/leap/cmd/leaprc.water.tip3p
----- Source of /opt/install/conda/envs/ambertools/dat/leap/cmd/leaprc.water.tip3p done
Loading library: /opt/install/conda/envs/ambertools/dat/leap/lib/atomic_ions.lib
Loading library: /opt/install/conda/envs/ambertools/dat/leap/lib/solvents.lib
Loading parameters: /opt/install/conda/envs/ambertools/dat/leap/parm/frcmod.tip3p
Reading force field modification type file (frcmod)
Reading title:
This is the additional/replacement parameter set for TIP3P water
Loading parameters: /opt/install/conda/envs/ambertools/dat/leap/parm/frcmod.ions1lm_126_tip3p
Reading force field modification type file (frcmod)
Reading title:
Li/Merz ion parameters of monovalent ions for TIP3P water model (12-6 normal usage set)
Loading parameters: /opt/install/conda/envs/ambertools/dat/leap/parm/frcmod.ionsjc_tip3p
Reading force field modification type file (frcmod)
Reading title:
Monovalent ion parameters for Ewald and TIP3P water from Joung & Cheatham JPCB (2008)
Loading parameters: /opt/install/conda/envs/ambertools/dat/leap/parm/frcmod.ions234lm_126_tip3p
Reading force field modification type file (frcmod)
Reading title:
Li/Merz ion parameters of divalent to tetravalent ions for TIP3P water model (12-6 normal usage set)
Loading Mol2 file: ../../1-sys_prep//lig.gaff2.mol2
Reading MOLECULE named SML
 Creating SML.lib
Building topology.
Building atom parameters.
Loading parameters: ../../1-sys_prep/lig.gaff2.frcmod
Reading force field modification type file (frcmod)
Reading title:
Remark line goes here
Loading library: ./SML.lib
Loading PDB file: ./ligandOnly.pdb
  total atoms in file: 25095
Box dimensions:  65.801000 65.853000 65.476000
  Solute vdw bounding box:              66.000 66.000 66.000
  Total bounding box for atom centers:  66.000 66.000 66.000
  Solvent unit box:                     18.774 18.774 18.774
  Total vdw box size:                   69.483 69.494 68.981 angstroms.
  Volume: 333088.221 A^3 
  Total mass 153039.136 amu,  Density 0.763 g/cc
  Added 75 residues.
32 Cl- ions required to neutralize.
Adding 32 counter ions to "mybox" using 1A grid
Grid extends from solute vdw + 8.06  to  14.57
Resolution:      1.00 Angstrom.
Solvent present: replacing closest with ion
	 when steric overlaps occur
Calculating grid charges
(Replacing solvent molecule)
Placed Cl- in mybox at (-7.79, 2.59, 4.14).
(Replacing solvent molecule)
Placed Cl- in mybox at (4.52, 13.90, 0.53).
(Replacing solvent molecule)
Placed Cl- in mybox at (10.93, -8.06, -7.07).
(Replacing solvent molecule)
Placed Cl- in mybox at (-4.73, -15.84, 0.66).
(Replacing solvent molecule)
Placed Cl- in mybox at (-14.17, -0.40, 0.90).
(Replacing solvent molecule)
Placed Cl- in mybox at (-3.95, 2.52, -10.17).
(Replacing solvent molecule)
Placed Cl- in mybox at (17.18, 6.40, 8.09).
(Replacing solvent molecule)
Placed Cl- in mybox at (-13.15, 2.71, 15.27).
(Replacing solvent molecule)
Placed Cl- in mybox at (-9.68, 10.12, 2.23).
(No solvent overlap)
Placed Cl- in mybox at (7.64, 8.43, -13.86).
(Replacing solvent molecule)
Placed Cl- in mybox at (0.84, -11.23, 7.12).
(Replacing solvent molecule)
Placed Cl- in mybox at (-3.66, 18.54, 1.56).
(Replacing solvent molecule)
Placed Cl- in mybox at (24.14, 6.41, -7.83).
(Replacing solvent molecule)
Placed Cl- in mybox at (-18.47, -13.66, 4.59).
(Replacing solvent molecule)
Placed Cl- in mybox at (-4.79, 19.82, -5.84).
(Replacing solvent molecule)
Placed Cl- in mybox at (11.05, 14.27, 6.86).
(Replacing solvent molecule)
Placed Cl- in mybox at (-4.27, -5.56, -13.29).
(Replacing solvent molecule)
Placed Cl- in mybox at (-6.51, -9.51, 19.72).
(Replacing solvent molecule)
Placed Cl- in mybox at (12.00, 2.08, 18.46).
(Replacing solvent molecule)
Placed Cl- in mybox at (11.98, -13.52, 5.57).
(Replacing solvent molecule)
Placed Cl- in mybox at (5.05, 16.09, -22.41).
(Replacing solvent molecule)
Placed Cl- in mybox at (-14.89, -18.52, -5.13).
(Replacing solvent molecule)
Placed Cl- in mybox at (-1.31, 7.00, 9.86).
(Replacing solvent molecule)
Placed Cl- in mybox at (8.82, -0.76, -12.65).
(Replacing solvent molecule)
Placed Cl- in mybox at (-18.55, -5.92, 18.71).
(Replacing solvent molecule)
Placed Cl- in mybox at (22.73, 11.58, 0.92).
(Replacing solvent molecule)
Placed Cl- in mybox at (-26.35, 19.77, -9.28).
(Replacing solvent molecule)
Placed Cl- in mybox at (15.14, 13.04, 22.97).
(Replacing solvent molecule)
Placed Cl- in mybox at (-3.88, -16.49, -10.11).
(Replacing solvent molecule)
Placed Cl- in mybox at (-21.45, 11.51, 10.17).
(Replacing solvent molecule)
Placed Cl- in mybox at (-30.25, -28.34, -8.57).
(Replacing solvent molecule)
Placed Cl- in mybox at (9.12, -12.10, -13.85).

Done adding ions.
Checking 'mybox'....
Checking parameters for unit 'mybox'.
Checking for bond parameters.
Checking for angle parameters.
Unit is OK.
Total unperturbed charge:  -0.000001
Total perturbed charge:    -0.000001
Checking Unit.
Building topology.
Building atom parameters.
Building bond parameters.
Building angle parameters.
Building proper torsion parameters.
Building improper torsion parameters.
 total 8 improper torsions applied
Building H-Bond parameters.
Incorporating Non-Bonded adjustments.
Not Marking per-residue atom chain types.
Marking per-residue atom chain types.
  (Residues lacking connect0/connect1 - 
   these don't have chain types marked:

	res	total affected

	SML	1
	WAT	8386
  )
 (no restraints)
Writing pdb file: ligandOnly.pdb
   printing CRYST1 record to PDB file with box info
	Quit

Exiting LEaP: Errors = 0; Warnings = 0; Notes = 0.
