-I: Adding /opt/install/conda/envs/ambertools/dat/leap/prep to search path.
-I: Adding /opt/install/conda/envs/ambertools/dat/leap/lib to search path.
-I: Adding /opt/install/conda/envs/ambertools/dat/leap/parm to search path.
-I: Adding /opt/install/conda/envs/ambertools/dat/leap/cmd to search path.
-f: Source tleap_ligOnly.in.

Welcome to LEaP!
(no leaprc in search path)
Sourcing: ./tleap_ligOnly.in
----- Source: /opt/install/conda/envs/ambertools/dat/leap/cmd/leaprc.gaff2
----- Source of /opt/install/conda/envs/ambertools/dat/leap/cmd/leaprc.gaff2 done
Log file: ./leap.log
Loading parameters: /opt/install/conda/envs/ambertools/dat/leap/parm/gaff2.dat
Reading title:
AMBER General Force Field for organic molecules (Version 2.11, May 2016)
----- Source: /opt/install/conda/envs/ambertools/dat/leap/cmd/leaprc.water.tip3p
----- Source of /opt/install/conda/envs/ambertools/dat/leap/cmd/leaprc.water.tip3p done
Loading library: /opt/install/conda/envs/ambertools/dat/leap/lib/atomic_ions.lib
Loading library: /opt/install/conda/envs/ambertools/dat/leap/lib/solvents.lib
Loading parameters: /opt/install/conda/envs/ambertools/dat/leap/parm/frcmod.tip3p
Reading force field modification type file (frcmod)
Reading title:
This is the additional/replacement parameter set for TIP3P water
Loading parameters: /opt/install/conda/envs/ambertools/dat/leap/parm/frcmod.ions1lm_126_tip3p
Reading force field modification type file (frcmod)
Reading title:
Li/Merz ion parameters of monovalent ions for TIP3P water model (12-6 normal usage set)
Loading parameters: /opt/install/conda/envs/ambertools/dat/leap/parm/frcmod.ionsjc_tip3p
Reading force field modification type file (frcmod)
Reading title:
Monovalent ion parameters for Ewald and TIP3P water from Joung & Cheatham JPCB (2008)
Loading parameters: /opt/install/conda/envs/ambertools/dat/leap/parm/frcmod.ions234lm_126_tip3p
Reading force field modification type file (frcmod)
Reading title:
Li/Merz ion parameters of divalent to tetravalent ions for TIP3P water model (12-6 normal usage set)
Loading Mol2 file: ../../1-sys_prep//lig.gaff2.mol2
Reading MOLECULE named SML
 Creating SML.lib
Building topology.
Building atom parameters.
Loading parameters: ../../1-sys_prep/lig.gaff2.frcmod
Reading force field modification type file (frcmod)
Reading title:
Remark line goes here
Loading library: ./SML.lib
Loading PDB file: ./ligandOnly.pdb
  total atoms in file: 30076
Box dimensions:  69.636000 69.565000 69.672000
  Solute vdw bounding box:              70.000 70.000 70.000
  Total bounding box for atom centers:  70.000 70.000 70.000
  Solvent unit box:                     18.774 18.774 18.774
  Total vdw box size:                   72.785 72.530 73.325 angstroms.
  Volume: 387089.275 A^3 
  Total mass 183816.978 amu,  Density 0.789 g/cc
  Added 83 residues.
32 Cl- ions required to neutralize.
Adding 32 counter ions to "mybox" using 1A grid
Grid extends from solute vdw + 8.06  to  14.57
Resolution:      1.00 Angstrom.
Solvent present: replacing closest with ion
	 when steric overlaps occur
Calculating grid charges
(Replacing solvent molecule)
Placed Cl- in mybox at (8.20, -4.39, -7.77).
(Replacing solvent molecule)
Placed Cl- in mybox at (-11.16, -11.03, -1.66).
(Replacing solvent molecule)
Placed Cl- in mybox at (9.57, 4.66, 10.66).
(Replacing solvent molecule)
Placed Cl- in mybox at (-12.06, -0.65, 3.64).
(Replacing solvent molecule)
Placed Cl- in mybox at (12.84, -9.69, -7.98).
(Replacing solvent molecule)
Placed Cl- in mybox at (9.00, 13.83, -7.96).
(Replacing solvent molecule)
Placed Cl- in mybox at (1.54, -9.96, 14.20).
(Replacing solvent molecule)
Placed Cl- in mybox at (-0.68, -4.51, -16.60).
(Replacing solvent molecule)
Placed Cl- in mybox at (-0.14, 2.41, 22.43).
(Replacing solvent molecule)
Placed Cl- in mybox at (9.47, 8.78, -18.22).
(Replacing solvent molecule)
Placed Cl- in mybox at (-7.07, -12.17, 5.35).
(Replacing solvent molecule)
Placed Cl- in mybox at (11.59, 8.17, 1.18).
(Replacing solvent molecule)
Placed Cl- in mybox at (-19.83, -6.29, 11.53).
(Replacing solvent molecule)
Placed Cl- in mybox at (-10.97, 5.04, -4.26).
(Replacing solvent molecule)
Placed Cl- in mybox at (-13.57, 7.56, 20.36).
(Replacing solvent molecule)
Placed Cl- in mybox at (1.23, 18.07, -6.91).
(Replacing solvent molecule)
Placed Cl- in mybox at (-4.76, -20.65, 9.07).
(Replacing solvent molecule)
Placed Cl- in mybox at (10.31, -8.49, 3.08).
(Replacing solvent molecule)
Placed Cl- in mybox at (14.94, 5.34, -29.29).
(Replacing solvent molecule)
Placed Cl- in mybox at (3.32, 16.74, 19.18).
(Replacing solvent molecule)
Placed Cl- in mybox at (-7.93, 2.93, -14.33).
(Replacing solvent molecule)
Placed Cl- in mybox at (22.14, 6.04, -9.31).
(Replacing solvent molecule)
Placed Cl- in mybox at (-10.06, -14.20, -12.69).
(Replacing solvent molecule)
Placed Cl- in mybox at (-14.08, -6.29, 22.94).
(Replacing solvent molecule)
Placed Cl- in mybox at (-7.86, -4.28, -31.44).
(Replacing solvent molecule)
Placed Cl- in mybox at (17.12, -5.26, -16.44).
(Replacing solvent molecule)
Placed Cl- in mybox at (10.93, 19.28, 8.48).
(Replacing solvent molecule)
Placed Cl- in mybox at (23.65, 2.70, 14.46).
(Replacing solvent molecule)
Placed Cl- in mybox at (-25.52, 12.06, 16.13).
(Replacing solvent molecule)
Placed Cl- in mybox at (-6.39, 26.54, 5.86).
(Replacing solvent molecule)
Placed Cl- in mybox at (-2.25, -1.37, 29.60).
(Replacing solvent molecule)
Placed Cl- in mybox at (-8.76, -28.27, -32.53).

Done adding ions.
Checking 'mybox'....
Checking parameters for unit 'mybox'.
Checking for bond parameters.
Checking for angle parameters.
Unit is OK.
Total unperturbed charge:  -0.000001
Total perturbed charge:    -0.000001
Checking Unit.
Building topology.
Building atom parameters.
Building bond parameters.
Building angle parameters.
Building proper torsion parameters.
Building improper torsion parameters.
 total 8 improper torsions applied
Building H-Bond parameters.
Incorporating Non-Bonded adjustments.
Not Marking per-residue atom chain types.
Marking per-residue atom chain types.
  (Residues lacking connect0/connect1 - 
   these don't have chain types marked:

	res	total affected

	SML	1
	WAT	10052
  )
 (no restraints)
Writing pdb file: ligandOnly.pdb
   printing CRYST1 record to PDB file with box info
	Quit

Exiting LEaP: Errors = 0; Warnings = 0; Notes = 0.
