-I: Adding /opt/install/conda/envs/ambertools/dat/leap/prep to search path.
-I: Adding /opt/install/conda/envs/ambertools/dat/leap/lib to search path.
-I: Adding /opt/install/conda/envs/ambertools/dat/leap/parm to search path.
-I: Adding /opt/install/conda/envs/ambertools/dat/leap/cmd to search path.
-f: Source tleap_ligOnly.in.

Welcome to LEaP!
(no leaprc in search path)
Sourcing: ./tleap_ligOnly.in
----- Source: /opt/install/conda/envs/ambertools/dat/leap/cmd/leaprc.gaff2
----- Source of /opt/install/conda/envs/ambertools/dat/leap/cmd/leaprc.gaff2 done
Log file: ./leap.log
Loading parameters: /opt/install/conda/envs/ambertools/dat/leap/parm/gaff2.dat
Reading title:
AMBER General Force Field for organic molecules (Version 2.11, May 2016)
----- Source: /opt/install/conda/envs/ambertools/dat/leap/cmd/leaprc.water.tip3p
----- Source of /opt/install/conda/envs/ambertools/dat/leap/cmd/leaprc.water.tip3p done
Loading library: /opt/install/conda/envs/ambertools/dat/leap/lib/atomic_ions.lib
Loading library: /opt/install/conda/envs/ambertools/dat/leap/lib/solvents.lib
Loading parameters: /opt/install/conda/envs/ambertools/dat/leap/parm/frcmod.tip3p
Reading force field modification type file (frcmod)
Reading title:
This is the additional/replacement parameter set for TIP3P water
Loading parameters: /opt/install/conda/envs/ambertools/dat/leap/parm/frcmod.ions1lm_126_tip3p
Reading force field modification type file (frcmod)
Reading title:
Li/Merz ion parameters of monovalent ions for TIP3P water model (12-6 normal usage set)
Loading parameters: /opt/install/conda/envs/ambertools/dat/leap/parm/frcmod.ionsjc_tip3p
Reading force field modification type file (frcmod)
Reading title:
Monovalent ion parameters for Ewald and TIP3P water from Joung & Cheatham JPCB (2008)
Loading parameters: /opt/install/conda/envs/ambertools/dat/leap/parm/frcmod.ions234lm_126_tip3p
Reading force field modification type file (frcmod)
Reading title:
Li/Merz ion parameters of divalent to tetravalent ions for TIP3P water model (12-6 normal usage set)
Loading Mol2 file: ../../1-sys_prep//lig.gaff2.mol2
Reading MOLECULE named SML
 Creating SML.lib
Building topology.
Building atom parameters.
Loading parameters: ../../1-sys_prep/lig.gaff2.frcmod
Reading force field modification type file (frcmod)
Reading title:
Remark line goes here
Loading library: ./SML.lib
Loading PDB file: ./ligandOnly.pdb
  total atoms in file: 30063
Box dimensions:  69.620000 69.538000 69.518000
  Solute vdw bounding box:              70.000 70.000 70.000
  Total bounding box for atom centers:  70.000 70.000 70.000
  Solvent unit box:                     18.774 18.774 18.774
  Total vdw box size:                   73.457 72.625 73.325 angstroms.
  Volume: 391176.586 A^3 
  Total mass 183131.922 amu,  Density 0.777 g/cc
  Added 82 residues.
32 Cl- ions required to neutralize.
Adding 32 counter ions to "mybox" using 1A grid
Grid extends from solute vdw + 8.06  to  14.57
Resolution:      1.00 Angstrom.
Solvent present: replacing closest with ion
	 when steric overlaps occur
Calculating grid charges
(Replacing solvent molecule)
Placed Cl- in mybox at (3.38, -1.68, -4.40).
(No solvent overlap)
Placed Cl- in mybox at (3.92, 1.34, -12.87).
(Replacing solvent molecule)
Placed Cl- in mybox at (8.15, 4.89, 9.55).
(Replacing solvent molecule)
Placed Cl- in mybox at (-13.18, -1.25, -3.61).
(Replacing solvent molecule)
Placed Cl- in mybox at (6.81, -10.17, 2.70).
(Replacing solvent molecule)
Placed Cl- in mybox at (-9.09, -5.73, 9.67).
(Replacing solvent molecule)
Placed Cl- in mybox at (2.39, 11.71, 4.94).
(Replacing solvent molecule)
Placed Cl- in mybox at (3.12, -8.68, 19.17).
(Replacing solvent molecule)
Placed Cl- in mybox at (12.41, 16.24, -11.67).
(Replacing solvent molecule)
Placed Cl- in mybox at (-12.05, 10.75, -0.82).
(Replacing solvent molecule)
Placed Cl- in mybox at (-3.51, -7.98, -12.47).
(Replacing solvent molecule)
Placed Cl- in mybox at (-8.05, 3.65, 20.09).
(Replacing solvent molecule)
Placed Cl- in mybox at (10.72, 7.92, 2.64).
(Replacing solvent molecule)
Placed Cl- in mybox at (-9.53, -14.52, 8.31).
(Replacing solvent molecule)
Placed Cl- in mybox at (2.52, 16.21, -19.57).
(Replacing solvent molecule)
Placed Cl- in mybox at (-14.04, -9.18, -4.53).
(Replacing solvent molecule)
Placed Cl- in mybox at (6.74, 8.87, 21.79).
(Replacing solvent molecule)
Placed Cl- in mybox at (-0.20, 3.85, -21.24).
(Replacing solvent molecule)
Placed Cl- in mybox at (9.52, -1.04, 18.62).
(Replacing solvent molecule)
Placed Cl- in mybox at (17.71, -2.78, 18.41).
(Replacing solvent molecule)
Placed Cl- in mybox at (-9.16, 25.50, -4.31).
(Replacing solvent molecule)
Placed Cl- in mybox at (2.59, -18.62, -4.34).
(Replacing solvent molecule)
Placed Cl- in mybox at (15.40, -2.11, -13.45).
(Replacing solvent molecule)
Placed Cl- in mybox at (-24.73, 17.20, -0.44).
(Replacing solvent molecule)
Placed Cl- in mybox at (-21.15, -5.09, 30.99).
(Replacing solvent molecule)
Placed Cl- in mybox at (-14.15, 32.69, -33.36).
(Replacing solvent molecule)
Placed Cl- in mybox at (-3.31, -8.36, -25.79).
(Replacing solvent molecule)
Placed Cl- in mybox at (-30.42, 24.96, -23.56).
(Replacing solvent molecule)
Placed Cl- in mybox at (-0.71, -15.85, 33.17).
(Replacing solvent molecule)
Placed Cl- in mybox at (25.27, 11.09, 13.00).
(Replacing solvent molecule)
Placed Cl- in mybox at (12.48, 19.80, -21.48).
(Replacing solvent molecule)
Placed Cl- in mybox at (-16.68, 3.58, -11.34).

Done adding ions.
Checking 'mybox'....

/opt/install/conda/envs/ambertools/bin/teLeap: Warning!
Close contact of 1.436 angstroms between nonbonded atoms H2 and H1
-------  .R<WAT 8983>.A<H2 3> and .R<WAT 8520>.A<H1 2>

/opt/install/conda/envs/ambertools/bin/teLeap: Warning!
Close contact of 1.481 angstroms between nonbonded atoms H1 and H1
-------  .R<WAT 7883>.A<H1 2> and .R<WAT 4531>.A<H1 2>

/opt/install/conda/envs/ambertools/bin/teLeap: Warning!
Close contact of 1.495 angstroms between nonbonded atoms H1 and O
-------  .R<WAT 641>.A<H1 2> and .R<WAT 186>.A<O 1>
Checking parameters for unit 'mybox'.
Checking for bond parameters.
Checking for angle parameters.
check:  Warnings: 3
Unit is OK.
Total unperturbed charge:  -0.002000
Total perturbed charge:    -0.002000
Checking Unit.
Building topology.
Building atom parameters.
Building bond parameters.
Building angle parameters.
Building proper torsion parameters.
Building improper torsion parameters.
 total 8 improper torsions applied
Building H-Bond parameters.
Incorporating Non-Bonded adjustments.
Not Marking per-residue atom chain types.
Marking per-residue atom chain types.
  (Residues lacking connect0/connect1 - 
   these don't have chain types marked:

	res	total affected

	SML	1
	WAT	10049
  )
 (no restraints)
Writing pdb file: ligandOnly.pdb
   printing CRYST1 record to PDB file with box info
	Quit

Exiting LEaP: Errors = 0; Warnings = 3; Notes = 0.
