-I: Adding /opt/install/conda/envs/ambertools/dat/leap/prep to search path.
-I: Adding /opt/install/conda/envs/ambertools/dat/leap/lib to search path.
-I: Adding /opt/install/conda/envs/ambertools/dat/leap/parm to search path.
-I: Adding /opt/install/conda/envs/ambertools/dat/leap/cmd to search path.
-f: Source tleap_ligOnly.in.

Welcome to LEaP!
(no leaprc in search path)
Sourcing: ./tleap_ligOnly.in
----- Source: /opt/install/conda/envs/ambertools/dat/leap/cmd/leaprc.gaff2
----- Source of /opt/install/conda/envs/ambertools/dat/leap/cmd/leaprc.gaff2 done
Log file: ./leap.log
Loading parameters: /opt/install/conda/envs/ambertools/dat/leap/parm/gaff2.dat
Reading title:
AMBER General Force Field for organic molecules (Version 2.11, May 2016)
----- Source: /opt/install/conda/envs/ambertools/dat/leap/cmd/leaprc.water.tip3p
----- Source of /opt/install/conda/envs/ambertools/dat/leap/cmd/leaprc.water.tip3p done
Loading library: /opt/install/conda/envs/ambertools/dat/leap/lib/atomic_ions.lib
Loading library: /opt/install/conda/envs/ambertools/dat/leap/lib/solvents.lib
Loading parameters: /opt/install/conda/envs/ambertools/dat/leap/parm/frcmod.tip3p
Reading force field modification type file (frcmod)
Reading title:
This is the additional/replacement parameter set for TIP3P water
Loading parameters: /opt/install/conda/envs/ambertools/dat/leap/parm/frcmod.ions1lm_126_tip3p
Reading force field modification type file (frcmod)
Reading title:
Li/Merz ion parameters of monovalent ions for TIP3P water model (12-6 normal usage set)
Loading parameters: /opt/install/conda/envs/ambertools/dat/leap/parm/frcmod.ionsjc_tip3p
Reading force field modification type file (frcmod)
Reading title:
Monovalent ion parameters for Ewald and TIP3P water from Joung & Cheatham JPCB (2008)
Loading parameters: /opt/install/conda/envs/ambertools/dat/leap/parm/frcmod.ions234lm_126_tip3p
Reading force field modification type file (frcmod)
Reading title:
Li/Merz ion parameters of divalent to tetravalent ions for TIP3P water model (12-6 normal usage set)
Loading Mol2 file: ../../1-sys_prep//lig.gaff2.mol2
Reading MOLECULE named SML
Building topology.
Building atom parameters.
Loading parameters: ../../1-sys_prep/lig.gaff2.frcmod
Reading force field modification type file (frcmod)
Reading title:
Remark line goes here
Loading library: ./SML.lib
Loading PDB file: ./ligandOnly.pdb
  total atoms in file: 30272
Box dimensions:  70.765000 69.533000 72.304000
  Solute vdw bounding box:              70.000 70.000 70.000
  Total bounding box for atom centers:  70.000 70.000 70.000
  Solvent unit box:                     18.774 18.774 18.774
  Total vdw box size:                   77.573 72.569 79.420 angstroms.
  Volume: 447086.940 A^3 
  Total mass 184411.051 amu,  Density 0.685 g/cc
  Added 1 residues.

/opt/install/conda/envs/ambertools/bin/teLeap: Warning!
addIons: 1st Ion & target unit have charges of the same sign:
     unit charge = -1e-06; ion1 charge = -1;
     can't neutralize.
Checking 'mybox'....
Checking parameters for unit 'mybox'.
Checking for bond parameters.
Checking for angle parameters.
Unit is OK.
Total unperturbed charge:  -0.000001
Total perturbed charge:    -0.000001
Checking Unit.
Building topology.
Building atom parameters.
Building bond parameters.
Building angle parameters.
Building proper torsion parameters.
Building improper torsion parameters.
 total 8 improper torsions applied
Building H-Bond parameters.
Incorporating Non-Bonded adjustments.
Not Marking per-residue atom chain types.
Marking per-residue atom chain types.
  (Residues lacking connect0/connect1 - 
   these don't have chain types marked:

	res	total affected

	SML	1
	WAT	10057
  )
 (no restraints)
Writing pdb file: ligandOnly.pdb
   printing CRYST1 record to PDB file with box info
	Quit

Exiting LEaP: Errors = 0; Warnings = 1; Notes = 0.
