-I: Adding /opt/install/conda/dat/leap/prep to search path.
-I: Adding /opt/install/conda/dat/leap/lib to search path.
-I: Adding /opt/install/conda/dat/leap/parm to search path.
-I: Adding /opt/install/conda/dat/leap/cmd to search path.
-f: Source tleap.in.

Welcome to LEaP!
(no leaprc in search path)
Sourcing: ./tleap.in
----- Source: /opt/install/conda/dat/leap/cmd/leaprc.water.tip3p
----- Source of /opt/install/conda/dat/leap/cmd/leaprc.water.tip3p done
Loading library: /opt/install/conda/dat/leap/lib/atomic_ions.lib
Loading library: /opt/install/conda/dat/leap/lib/solvents.lib
Loading parameters: /opt/install/conda/dat/leap/parm/frcmod.tip3p
Reading force field modification type file (frcmod)
Reading title:
This is the additional/replacement parameter set for TIP3P water
Loading parameters: /opt/install/conda/dat/leap/parm/frcmod.ions1lm_126_tip3p
Reading force field modification type file (frcmod)
Reading title:
Li/Merz ion parameters of monovalent ions for TIP3P water model (12-6 normal usage set)
Loading parameters: /opt/install/conda/dat/leap/parm/frcmod.ionsjc_tip3p
Reading force field modification type file (frcmod)
Reading title:
Monovalent ion parameters for Ewald and TIP3P water from Joung & Cheatham JPCB (2008)
Loading parameters: /opt/install/conda/dat/leap/parm/frcmod.ions234lm_126_tip3p
Reading force field modification type file (frcmod)
Reading title:
Li/Merz ion parameters of divalent to tetravalent ions for TIP3P water model (12-6 normal usage set)
----- Source: /opt/install/conda/dat/leap/cmd/leaprc.RNA.OL3
----- Source of /opt/install/conda/dat/leap/cmd/leaprc.RNA.OL3 done
Log file: ./leap.log
Loading parameters: /opt/install/conda/dat/leap/parm/parm10.dat
Reading title:
PARM99 + frcmod.ff99SB + frcmod.parmbsc0 + OL3 for RNA
Loading library: /opt/install/conda/dat/leap/lib/RNA.lib
Loading PDB file: ./rna_noH.pdb
  total atoms in file: 704
  Leap added 361 missing atoms according to residue templates:
       361 H / lone pairs
Loading PDB file: ./mg1.pdb
  total atoms in file: 1
Loading PDB file: ./mg2.pdb
  total atoms in file: 1
Loading PDB file: ./mg3.pdb
  total atoms in file: 1
Box dimensions:  42.031000 25.706411 36.349636
  Solute vdw bounding box:              70.000 70.000 70.000
  Total bounding box for atom centers:  70.000 70.000 70.000
  Solvent unit box:                     18.774 18.774 18.774
  Total vdw box size:                   73.457 73.086 73.325 angstroms.
  Volume: 393659.356 A^3 
  Total mass 191849.215 amu,  Density 0.809 g/cc
  Added 10057 residues.
26 Na+ ions required to neutralize.
Adding 26 counter ions to "mybox" using 1A grid
Grid extends from solute vdw + 4.11  to  10.21
Resolution:      1.00 Angstrom.
Solvent present: replacing closest with ion
	 when steric overlaps occur
Calculating grid charges
(Replacing solvent molecule)
Placed Na+ in mybox at (-4.88, -2.03, -8.20).
(Replacing solvent molecule)
Placed Na+ in mybox at (-7.86, -7.51, 15.89).
(Replacing solvent molecule)
Placed Na+ in mybox at (-5.07, -11.81, 2.44).
(Replacing solvent molecule)
Placed Na+ in mybox at (-1.04, 5.08, -11.53).
(Replacing solvent molecule)
Placed Na+ in mybox at (14.79, 5.95, -3.35).
(Replacing solvent molecule)
Placed Na+ in mybox at (-5.44, -9.48, -5.04).
(Replacing solvent molecule)
Placed Na+ in mybox at (-12.17, 1.15, 18.06).
(Replacing solvent molecule)
Placed Na+ in mybox at (7.19, 15.43, 2.77).
(Replacing solvent molecule)
Placed Na+ in mybox at (-4.04, -13.49, 9.60).
(Replacing solvent molecule)
Placed Na+ in mybox at (9.35, -1.21, 10.93).
(Replacing solvent molecule)
Placed Na+ in mybox at (24.21, -5.34, -4.83).
(Replacing solvent molecule)
Placed Na+ in mybox at (-5.84, 9.90, 2.53).
(Replacing solvent molecule)
Placed Na+ in mybox at (-16.48, 8.83, 14.76).
(Replacing solvent molecule)
Placed Na+ in mybox at (17.73, 5.08, 7.24).
(Replacing solvent molecule)
Placed Na+ in mybox at (-2.31, -2.18, -16.48).
(Replacing solvent molecule)
Placed Na+ in mybox at (3.01, 14.46, -5.45).
(Replacing solvent molecule)
Placed Na+ in mybox at (23.54, -6.58, -14.57).
(Replacing solvent molecule)
Placed Na+ in mybox at (5.73, -12.09, 0.18).
(Replacing solvent molecule)
Placed Na+ in mybox at (0.35, 6.16, 19.25).
(Replacing solvent molecule)
Placed Na+ in mybox at (-15.76, -4.31, -5.45).
(Replacing solvent molecule)
Placed Na+ in mybox at (11.55, 13.73, 11.45).
(Replacing solvent molecule)
Placed Na+ in mybox at (-22.79, 10.66, 5.53).
(Replacing solvent molecule)
Placed Na+ in mybox at (2.67, -13.13, -14.45).
(Replacing solvent molecule)
Placed Na+ in mybox at (21.27, 1.57, 0.44).
(Replacing solvent molecule)
Placed Na+ in mybox at (-1.13, -7.75, 19.25).
(Replacing solvent molecule)
Placed Na+ in mybox at (0.73, 12.63, -15.95).

Done adding ions.
Adding 11 counter ions to "mybox". 10020 solvent molecules will remain.
0: Placed Na+ in mybox at (-11.94, 10.61, 3.23).
0: Placed Na+ in mybox at (-2.26, 19.92, 19.62).
0: Placed Na+ in mybox at (-34.24, 17.38, -19.31).
0: Placed Na+ in mybox at (-5.81, -18.38, 27.04).
0: Placed Na+ in mybox at (-26.84, 5.37, 2.02).
0: Placed Na+ in mybox at (31.29, -11.79, -13.76).
0: Placed Na+ in mybox at (-24.62, 9.90, -16.24).
0: Placed Na+ in mybox at (-16.65, -27.91, 30.86).
0: Placed Na+ in mybox at (-22.66, -20.67, 32.41).
0: Placed Na+ in mybox at (-14.77, 23.55, 27.28).
0: Placed Na+ in mybox at (-22.02, -7.58, -27.55).
Adding 11 counter ions to "mybox". 10009 solvent molecules will remain.
0: Placed Cl- in mybox at (-12.88, 13.05, 16.62).
0: Placed Cl- in mybox at (-14.53, -4.06, 29.51).
0: Placed Cl- in mybox at (-14.51, -26.87, -8.24).
0: Placed Cl- in mybox at (7.24, 15.71, 12.85).
0: Placed Cl- in mybox at (-34.00, -5.69, 1.00).
0: Placed Cl- in mybox at (8.82, -19.54, -12.65).
0: Placed Cl- in mybox at (1.17, -19.50, 20.72).
0: Placed Cl- in mybox at (32.67, 11.05, 15.80).
0: Placed Cl- in mybox at (21.79, 33.24, -5.45).
0: Placed Cl- in mybox at (-16.28, 24.92, -8.17).
0: Placed Cl- in mybox at (34.35, 31.74, 32.35).
Checking 'mybox'....

/opt/install/conda/bin/teLeap: Warning!
Close contact of 1.297 angstroms between nonbonded atoms H3 and MG
-------  .R<U 32>.A<H3 21> and .R<MG 35>.A<MG 1>
Checking parameters for unit 'mybox'.
Checking for bond parameters.
Checking for angle parameters.
check:  Warnings: 1
Unit is OK.
Total unperturbed charge:   0.000000
Total perturbed charge:     0.000000
 Creating box.lib
Building topology.
Building atom parameters.
Checking Unit.
Building topology.
Building atom parameters.
Building bond parameters.
Building angle parameters.
Building proper torsion parameters.
Building improper torsion parameters.
 total 227 improper torsions applied
Building H-Bond parameters.
Incorporating Non-Bonded adjustments.
Not Marking per-residue atom chain types.
Marking per-residue atom chain types.
  (Residues lacking connect0/connect1 - 
   these don't have chain types marked:

	res	total affected

	WAT	10009
  )
 (no restraints)
Writing pdb file: box.pdb
   printing CRYST1 record to PDB file with box info
	Quit

Exiting LEaP: Errors = 0; Warnings = 1; Notes = 0.
