-I: Adding /opt/install/conda/envs/ambertools/dat/leap/prep to search path.
-I: Adding /opt/install/conda/envs/ambertools/dat/leap/lib to search path.
-I: Adding /opt/install/conda/envs/ambertools/dat/leap/parm to search path.
-I: Adding /opt/install/conda/envs/ambertools/dat/leap/cmd to search path.
-f: Source tleap_ligOnly.in.

Welcome to LEaP!
(no leaprc in search path)
Sourcing: ./tleap_ligOnly.in
----- Source: /opt/install/conda/envs/ambertools/dat/leap/cmd/leaprc.gaff2
----- Source of /opt/install/conda/envs/ambertools/dat/leap/cmd/leaprc.gaff2 done
Log file: ./leap.log
Loading parameters: /opt/install/conda/envs/ambertools/dat/leap/parm/gaff2.dat
Reading title:
AMBER General Force Field for organic molecules (Version 2.11, May 2016)
----- Source: /opt/install/conda/envs/ambertools/dat/leap/cmd/leaprc.water.tip3p
----- Source of /opt/install/conda/envs/ambertools/dat/leap/cmd/leaprc.water.tip3p done
Loading library: /opt/install/conda/envs/ambertools/dat/leap/lib/atomic_ions.lib
Loading library: /opt/install/conda/envs/ambertools/dat/leap/lib/solvents.lib
Loading parameters: /opt/install/conda/envs/ambertools/dat/leap/parm/frcmod.tip3p
Reading force field modification type file (frcmod)
Reading title:
This is the additional/replacement parameter set for TIP3P water
Loading parameters: /opt/install/conda/envs/ambertools/dat/leap/parm/frcmod.ions1lm_126_tip3p
Reading force field modification type file (frcmod)
Reading title:
Li/Merz ion parameters of monovalent ions for TIP3P water model (12-6 normal usage set)
Loading parameters: /opt/install/conda/envs/ambertools/dat/leap/parm/frcmod.ionsjc_tip3p
Reading force field modification type file (frcmod)
Reading title:
Monovalent ion parameters for Ewald and TIP3P water from Joung & Cheatham JPCB (2008)
Loading parameters: /opt/install/conda/envs/ambertools/dat/leap/parm/frcmod.ions234lm_126_tip3p
Reading force field modification type file (frcmod)
Reading title:
Li/Merz ion parameters of divalent to tetravalent ions for TIP3P water model (12-6 normal usage set)
Loading Mol2 file: ../../1-sys_prep//lig.gaff2.mol2
Reading MOLECULE named SML
 Creating SML.lib
Building topology.
Building atom parameters.
Loading parameters: ../../1-sys_prep/lig.gaff2.frcmod
Reading force field modification type file (frcmod)
Reading title:
Remark line goes here
Loading library: ./SML.lib
Loading PDB file: ./ligandOnly.pdb
  total atoms in file: 30076
Box dimensions:  69.624000 69.711000 69.580000
  Solute vdw bounding box:              70.000 70.000 70.000
  Total bounding box for atom centers:  70.000 70.000 70.000
  Solvent unit box:                     18.774 18.774 18.774
  Total vdw box size:                   73.457 73.086 72.747 angstroms.
  Volume: 390556.406 A^3 
  Total mass 182980.476 amu,  Density 0.778 g/cc
  Added 71 residues.
32 Cl- ions required to neutralize.
Adding 32 counter ions to "mybox" using 1A grid
Grid extends from solute vdw + 8.06  to  14.57
Resolution:      1.00 Angstrom.
Solvent present: replacing closest with ion
	 when steric overlaps occur
Calculating grid charges
(Replacing solvent molecule)
Placed Cl- in mybox at (9.44, 4.38, -0.47).
(Replacing solvent molecule)
Placed Cl- in mybox at (-4.94, 13.17, -5.05).
(Replacing solvent molecule)
Placed Cl- in mybox at (-11.82, -8.78, 5.76).
(Replacing solvent molecule)
Placed Cl- in mybox at (-4.38, -3.68, -14.56).
(Replacing solvent molecule)
Placed Cl- in mybox at (9.69, 13.04, -9.11).
(Replacing solvent molecule)
Placed Cl- in mybox at (-6.05, -14.19, -4.47).
(Replacing solvent molecule)
Placed Cl- in mybox at (-4.02, 10.66, 5.53).
(Replacing solvent molecule)
Placed Cl- in mybox at (-9.68, 1.63, -9.81).
(Replacing solvent molecule)
Placed Cl- in mybox at (11.52, -5.14, -7.34).
(Replacing solvent molecule)
Placed Cl- in mybox at (5.28, 10.47, -17.09).
(Replacing solvent molecule)
Placed Cl- in mybox at (18.09, 12.66, 7.82).
(Replacing solvent molecule)
Placed Cl- in mybox at (-1.36, -20.63, 12.39).
(Replacing solvent molecule)
Placed Cl- in mybox at (2.03, 24.01, 1.89).
(Replacing solvent molecule)
Placed Cl- in mybox at (0.08, -3.79, 14.87).
(Replacing solvent molecule)
Placed Cl- in mybox at (11.65, -10.72, 6.88).
(Replacing solvent molecule)
Placed Cl- in mybox at (3.65, -2.82, -15.97).
(Replacing solvent molecule)
Placed Cl- in mybox at (19.41, 23.99, -9.91).
(Replacing solvent molecule)
Placed Cl- in mybox at (-8.20, 2.58, 9.24).
(Replacing solvent molecule)
Placed Cl- in mybox at (-8.03, -20.52, 0.65).
(Replacing solvent molecule)
Placed Cl- in mybox at (0.46, -19.84, -5.11).
(Replacing solvent molecule)
Placed Cl- in mybox at (27.92, 19.95, -23.89).
(Replacing solvent molecule)
Placed Cl- in mybox at (12.16, 21.35, 10.85).
(Replacing solvent molecule)
Placed Cl- in mybox at (0.77, 15.87, -10.32).
(Replacing solvent molecule)
Placed Cl- in mybox at (-8.73, -7.26, 26.72).
(Replacing solvent molecule)
Placed Cl- in mybox at (17.93, 8.78, -15.56).
(Replacing solvent molecule)
Placed Cl- in mybox at (-13.10, -21.90, 13.43).
(No solvent overlap)
Placed Cl- in mybox at (36.71, 27.73, -12.07).
(Replacing solvent molecule)
Placed Cl- in mybox at (-9.42, 8.66, -14.04).
(Replacing solvent molecule)
Placed Cl- in mybox at (11.57, 7.10, 10.35).
(Replacing solvent molecule)
Placed Cl- in mybox at (24.23, 29.77, -22.42).
(Replacing solvent molecule)
Placed Cl- in mybox at (20.75, 22.80, 3.33).
(Replacing solvent molecule)
Placed Cl- in mybox at (23.96, 16.66, -0.97).

Done adding ions.
Checking 'mybox'....
Checking parameters for unit 'mybox'.
Checking for bond parameters.
Checking for angle parameters.
Unit is OK.
Total unperturbed charge:  -0.002000
Total perturbed charge:    -0.002000
Checking Unit.
Building topology.
Building atom parameters.
Building bond parameters.
Building angle parameters.
Building proper torsion parameters.
Building improper torsion parameters.
 total 8 improper torsions applied
Building H-Bond parameters.
Incorporating Non-Bonded adjustments.
Not Marking per-residue atom chain types.
Marking per-residue atom chain types.
  (Residues lacking connect0/connect1 - 
   these don't have chain types marked:

	res	total affected

	SML	1
	WAT	10043
  )
 (no restraints)
Writing pdb file: ligandOnly.pdb
   printing CRYST1 record to PDB file with box info
	Quit

Exiting LEaP: Errors = 0; Warnings = 0; Notes = 0.
