-I: Adding /opt/install/conda/envs/ambertools/dat/leap/prep to search path.
-I: Adding /opt/install/conda/envs/ambertools/dat/leap/lib to search path.
-I: Adding /opt/install/conda/envs/ambertools/dat/leap/parm to search path.
-I: Adding /opt/install/conda/envs/ambertools/dat/leap/cmd to search path.
-f: Source tleap_ligOnly.in.

Welcome to LEaP!
(no leaprc in search path)
Sourcing: ./tleap_ligOnly.in
----- Source: /opt/install/conda/envs/ambertools/dat/leap/cmd/leaprc.gaff2
----- Source of /opt/install/conda/envs/ambertools/dat/leap/cmd/leaprc.gaff2 done
Log file: ./leap.log
Loading parameters: /opt/install/conda/envs/ambertools/dat/leap/parm/gaff2.dat
Reading title:
AMBER General Force Field for organic molecules (Version 2.11, May 2016)
----- Source: /opt/install/conda/envs/ambertools/dat/leap/cmd/leaprc.water.tip3p
----- Source of /opt/install/conda/envs/ambertools/dat/leap/cmd/leaprc.water.tip3p done
Loading library: /opt/install/conda/envs/ambertools/dat/leap/lib/atomic_ions.lib
Loading library: /opt/install/conda/envs/ambertools/dat/leap/lib/solvents.lib
Loading parameters: /opt/install/conda/envs/ambertools/dat/leap/parm/frcmod.tip3p
Reading force field modification type file (frcmod)
Reading title:
This is the additional/replacement parameter set for TIP3P water
Loading parameters: /opt/install/conda/envs/ambertools/dat/leap/parm/frcmod.ions1lm_126_tip3p
Reading force field modification type file (frcmod)
Reading title:
Li/Merz ion parameters of monovalent ions for TIP3P water model (12-6 normal usage set)
Loading parameters: /opt/install/conda/envs/ambertools/dat/leap/parm/frcmod.ionsjc_tip3p
Reading force field modification type file (frcmod)
Reading title:
Monovalent ion parameters for Ewald and TIP3P water from Joung & Cheatham JPCB (2008)
Loading parameters: /opt/install/conda/envs/ambertools/dat/leap/parm/frcmod.ions234lm_126_tip3p
Reading force field modification type file (frcmod)
Reading title:
Li/Merz ion parameters of divalent to tetravalent ions for TIP3P water model (12-6 normal usage set)
Loading Mol2 file: ../../1-sys_prep//lig.gaff2.mol2
Reading MOLECULE named SML
 Creating SML.lib
Building topology.
Building atom parameters.
Loading parameters: ../../1-sys_prep/lig.gaff2.frcmod
Reading force field modification type file (frcmod)
Reading title:
Remark line goes here
Loading library: ./SML.lib
Loading PDB file: ./ligandOnly.pdb
  total atoms in file: 25095
Box dimensions:  65.660000 65.660000 65.287000
  Solute vdw bounding box:              66.000 66.000 66.000
  Total bounding box for atom centers:  66.000 66.000 66.000
  Solvent unit box:                     18.774 18.774 18.774
  Total vdw box size:                   69.483 69.494 69.001 angstroms.
  Volume: 333184.273 A^3 
  Total mass 153011.084 amu,  Density 0.763 g/cc
  Added 73 residues.
32 Cl- ions required to neutralize.
Adding 32 counter ions to "mybox" using 1A grid
Grid extends from solute vdw + 8.06  to  14.57
Resolution:      1.00 Angstrom.
Solvent present: replacing closest with ion
	 when steric overlaps occur
Calculating grid charges
(Replacing solvent molecule)
Placed Cl- in mybox at (-9.33, 2.17, -2.17).
(Replacing solvent molecule)
Placed Cl- in mybox at (-12.59, -1.17, 5.64).
(Replacing solvent molecule)
Placed Cl- in mybox at (-1.74, 10.48, 10.85).
(Replacing solvent molecule)
Placed Cl- in mybox at (8.81, -7.48, -3.57).
(Replacing solvent molecule)
Placed Cl- in mybox at (-1.84, 10.97, -0.41).
(Replacing solvent molecule)
Placed Cl- in mybox at (-8.34, -1.67, 19.24).
(No solvent overlap)
Placed Cl- in mybox at (7.75, 9.86, -13.57).
(Replacing solvent molecule)
Placed Cl- in mybox at (14.22, 8.26, 8.17).
(Replacing solvent molecule)
Placed Cl- in mybox at (-19.10, 12.25, 11.84).
(Replacing solvent molecule)
Placed Cl- in mybox at (2.20, -6.32, 13.04).
(Replacing solvent molecule)
Placed Cl- in mybox at (-3.31, 4.90, -13.84).
(Replacing solvent molecule)
Placed Cl- in mybox at (-22.12, 5.83, 20.69).
(Replacing solvent molecule)
Placed Cl- in mybox at (13.96, 6.15, -19.31).
(Replacing solvent molecule)
Placed Cl- in mybox at (-17.69, -9.52, 7.55).
(Replacing solvent molecule)
Placed Cl- in mybox at (19.84, -0.34, 2.07).
(No solvent overlap)
Placed Cl- in mybox at (8.75, 0.86, -34.57).
(Replacing solvent molecule)
Placed Cl- in mybox at (-5.35, -14.18, 4.62).
(Replacing solvent molecule)
Placed Cl- in mybox at (3.47, 18.12, -4.70).
(Replacing solvent molecule)
Placed Cl- in mybox at (-6.92, -7.80, 25.86).
(Replacing solvent molecule)
Placed Cl- in mybox at (7.33, -6.46, -12.12).
(Replacing solvent molecule)
Placed Cl- in mybox at (-28.19, -5.39, 11.41).
(Replacing solvent molecule)
Placed Cl- in mybox at (10.36, -4.38, 15.38).
(Replacing solvent molecule)
Placed Cl- in mybox at (20.02, 7.86, -6.63).
(Replacing solvent molecule)
Placed Cl- in mybox at (-13.58, -13.95, -10.87).
(Replacing solvent molecule)
Placed Cl- in mybox at (-13.81, 5.92, 2.47).
(Replacing solvent molecule)
Placed Cl- in mybox at (-28.13, 6.04, 6.77).
(Replacing solvent molecule)
Placed Cl- in mybox at (29.37, -3.49, -9.67).
(Replacing solvent molecule)
Placed Cl- in mybox at (21.47, -13.43, 25.04).
(Replacing solvent molecule)
Placed Cl- in mybox at (-0.53, 2.15, 16.95).
(Replacing solvent molecule)
Placed Cl- in mybox at (-9.84, 21.06, -0.37).
(Replacing solvent molecule)
Placed Cl- in mybox at (-30.07, 8.02, 26.47).
(Replacing solvent molecule)
Placed Cl- in mybox at (18.30, 3.60, 20.91).

Done adding ions.
Checking 'mybox'....
Checking parameters for unit 'mybox'.
Checking for bond parameters.
Checking for angle parameters.
Unit is OK.
Total unperturbed charge:  -0.002000
Total perturbed charge:    -0.002000
Checking Unit.
Building topology.
Building atom parameters.
Building bond parameters.
Building angle parameters.
Building proper torsion parameters.
Building improper torsion parameters.
 total 8 improper torsions applied
Building H-Bond parameters.
Incorporating Non-Bonded adjustments.
Not Marking per-residue atom chain types.
Marking per-residue atom chain types.
  (Residues lacking connect0/connect1 - 
   these don't have chain types marked:

	res	total affected

	SML	1
	WAT	8387
  )
 (no restraints)
Writing pdb file: ligandOnly.pdb
   printing CRYST1 record to PDB file with box info
	Quit

Exiting LEaP: Errors = 0; Warnings = 0; Notes = 0.
