-I: Adding /opt/install/conda/envs/ambertools/dat/leap/prep to search path.
-I: Adding /opt/install/conda/envs/ambertools/dat/leap/lib to search path.
-I: Adding /opt/install/conda/envs/ambertools/dat/leap/parm to search path.
-I: Adding /opt/install/conda/envs/ambertools/dat/leap/cmd to search path.
-f: Source tleap_ligOnly.in.

Welcome to LEaP!
(no leaprc in search path)
Sourcing: ./tleap_ligOnly.in
----- Source: /opt/install/conda/envs/ambertools/dat/leap/cmd/leaprc.gaff2
----- Source of /opt/install/conda/envs/ambertools/dat/leap/cmd/leaprc.gaff2 done
Log file: ./leap.log
Loading parameters: /opt/install/conda/envs/ambertools/dat/leap/parm/gaff2.dat
Reading title:
AMBER General Force Field for organic molecules (Version 2.11, May 2016)
----- Source: /opt/install/conda/envs/ambertools/dat/leap/cmd/leaprc.water.tip3p
----- Source of /opt/install/conda/envs/ambertools/dat/leap/cmd/leaprc.water.tip3p done
Loading library: /opt/install/conda/envs/ambertools/dat/leap/lib/atomic_ions.lib
Loading library: /opt/install/conda/envs/ambertools/dat/leap/lib/solvents.lib
Loading parameters: /opt/install/conda/envs/ambertools/dat/leap/parm/frcmod.tip3p
Reading force field modification type file (frcmod)
Reading title:
This is the additional/replacement parameter set for TIP3P water
Loading parameters: /opt/install/conda/envs/ambertools/dat/leap/parm/frcmod.ions1lm_126_tip3p
Reading force field modification type file (frcmod)
Reading title:
Li/Merz ion parameters of monovalent ions for TIP3P water model (12-6 normal usage set)
Loading parameters: /opt/install/conda/envs/ambertools/dat/leap/parm/frcmod.ionsjc_tip3p
Reading force field modification type file (frcmod)
Reading title:
Monovalent ion parameters for Ewald and TIP3P water from Joung & Cheatham JPCB (2008)
Loading parameters: /opt/install/conda/envs/ambertools/dat/leap/parm/frcmod.ions234lm_126_tip3p
Reading force field modification type file (frcmod)
Reading title:
Li/Merz ion parameters of divalent to tetravalent ions for TIP3P water model (12-6 normal usage set)
Loading Mol2 file: ../../1-sys_prep//lig.gaff2.mol2
Reading MOLECULE named SML
 Creating SML.lib
Building topology.
Building atom parameters.
Loading parameters: ../../1-sys_prep/lig.gaff2.frcmod
Reading force field modification type file (frcmod)
Reading title:
Remark line goes here
Loading library: ./SML.lib
Loading PDB file: ./ligandOnly.pdb
  total atoms in file: 30125
Box dimensions:  69.445000 69.473000 69.468000
  Solute vdw bounding box:              70.000 70.000 70.000
  Total bounding box for atom centers:  70.000 70.000 70.000
  Solvent unit box:                     18.774 18.774 18.774
  Total vdw box size:                   73.457 72.809 73.325 angstroms.
  Volume: 392165.027 A^3 
  Total mass 182892.473 amu,  Density 0.774 g/cc
  Added 79 residues.
32 Cl- ions required to neutralize.
Adding 32 counter ions to "mybox" using 1A grid
Grid extends from solute vdw + 8.06  to  13.96
Resolution:      1.00 Angstrom.
Solvent present: replacing closest with ion
	 when steric overlaps occur
Calculating grid charges
(Replacing solvent molecule)
Placed Cl- in mybox at (-7.06, -14.87, -7.32).
(Replacing solvent molecule)
Placed Cl- in mybox at (-0.75, 6.01, -4.94).
(Replacing solvent molecule)
Placed Cl- in mybox at (11.95, 12.66, -2.91).
(Replacing solvent molecule)
Placed Cl- in mybox at (-13.58, -12.58, 6.33).
(Replacing solvent molecule)
Placed Cl- in mybox at (-11.43, 7.27, -5.52).
(Replacing solvent molecule)
Placed Cl- in mybox at (0.99, -10.84, 7.85).
(Replacing solvent molecule)
Placed Cl- in mybox at (1.52, -7.90, -11.98).
(Replacing solvent molecule)
Placed Cl- in mybox at (-3.71, -0.52, 13.65).
(Replacing solvent molecule)
Placed Cl- in mybox at (13.20, 5.82, -9.91).
(Replacing solvent molecule)
Placed Cl- in mybox at (-14.08, 1.52, 3.26).
(Replacing solvent molecule)
Placed Cl- in mybox at (-13.93, -2.01, -12.44).
(Replacing solvent molecule)
Placed Cl- in mybox at (-2.91, 13.41, 8.11).
(Replacing solvent molecule)
Placed Cl- in mybox at (14.77, 16.70, -13.88).
(Replacing solvent molecule)
Placed Cl- in mybox at (13.50, -2.21, 10.00).
(Replacing solvent molecule)
Placed Cl- in mybox at (-1.30, -24.14, 0.68).
(Replacing solvent molecule)
Placed Cl- in mybox at (12.55, 20.28, 4.10).
(Replacing solvent molecule)
Placed Cl- in mybox at (-4.11, -13.48, 14.42).
(Replacing solvent molecule)
Placed Cl- in mybox at (-7.98, -4.85, -24.73).
(Replacing solvent molecule)
Placed Cl- in mybox at (0.57, 18.02, -2.84).
(Replacing solvent molecule)
Placed Cl- in mybox at (-17.47, -11.84, -5.03).
(Replacing solvent molecule)
Placed Cl- in mybox at (13.50, -2.48, -5.96).
(Replacing solvent molecule)
Placed Cl- in mybox at (-21.40, 4.45, -30.61).
(Replacing solvent molecule)
Placed Cl- in mybox at (8.11, 12.06, 12.88).
(Replacing solvent molecule)
Placed Cl- in mybox at (-18.35, -28.07, 15.72).
(Replacing solvent molecule)
Placed Cl- in mybox at (31.38, 25.80, 17.89).
(Replacing solvent molecule)
Placed Cl- in mybox at (29.62, 14.65, -13.65).
(No solvent overlap)
Placed Cl- in mybox at (25.83, 39.56, 12.54).
(Replacing solvent molecule)
Placed Cl- in mybox at (-25.41, -0.75, 28.31).
(Replacing solvent molecule)
Placed Cl- in mybox at (8.52, 30.10, -10.00).
(Replacing solvent molecule)
Placed Cl- in mybox at (-30.39, -26.75, 0.63).
(Replacing solvent molecule)
Placed Cl- in mybox at (3.33, -15.52, -16.10).
(No solvent overlap)
Placed Cl- in mybox at (39.83, -20.44, -7.46).

Done adding ions.
Checking 'mybox'....
Checking parameters for unit 'mybox'.
Checking for bond parameters.
Checking for angle parameters.
Unit is OK.
Total unperturbed charge:  -0.002000
Total perturbed charge:    -0.002000
Checking Unit.
Building topology.
Building atom parameters.
Building bond parameters.
Building angle parameters.
Building proper torsion parameters.
Building improper torsion parameters.
 total 8 improper torsions applied
Building H-Bond parameters.
Incorporating Non-Bonded adjustments.
Not Marking per-residue atom chain types.
Marking per-residue atom chain types.
  (Residues lacking connect0/connect1 - 
   these don't have chain types marked:

	res	total affected

	SML	1
	WAT	10076
  )
 (no restraints)
Writing pdb file: ligandOnly.pdb
   printing CRYST1 record to PDB file with box info
	Quit

Exiting LEaP: Errors = 0; Warnings = 0; Notes = 0.
