-I: Adding /opt/install/conda/envs/ambertools/dat/leap/prep to search path.
-I: Adding /opt/install/conda/envs/ambertools/dat/leap/lib to search path.
-I: Adding /opt/install/conda/envs/ambertools/dat/leap/parm to search path.
-I: Adding /opt/install/conda/envs/ambertools/dat/leap/cmd to search path.
-f: Source tleap_ligOnly.in.

Welcome to LEaP!
(no leaprc in search path)
Sourcing: ./tleap_ligOnly.in
----- Source: /opt/install/conda/envs/ambertools/dat/leap/cmd/leaprc.gaff2
----- Source of /opt/install/conda/envs/ambertools/dat/leap/cmd/leaprc.gaff2 done
Log file: ./leap.log
Loading parameters: /opt/install/conda/envs/ambertools/dat/leap/parm/gaff2.dat
Reading title:
AMBER General Force Field for organic molecules (Version 2.11, May 2016)
----- Source: /opt/install/conda/envs/ambertools/dat/leap/cmd/leaprc.water.tip3p
----- Source of /opt/install/conda/envs/ambertools/dat/leap/cmd/leaprc.water.tip3p done
Loading library: /opt/install/conda/envs/ambertools/dat/leap/lib/atomic_ions.lib
Loading library: /opt/install/conda/envs/ambertools/dat/leap/lib/solvents.lib
Loading parameters: /opt/install/conda/envs/ambertools/dat/leap/parm/frcmod.tip3p
Reading force field modification type file (frcmod)
Reading title:
This is the additional/replacement parameter set for TIP3P water
Loading parameters: /opt/install/conda/envs/ambertools/dat/leap/parm/frcmod.ions1lm_126_tip3p
Reading force field modification type file (frcmod)
Reading title:
Li/Merz ion parameters of monovalent ions for TIP3P water model (12-6 normal usage set)
Loading parameters: /opt/install/conda/envs/ambertools/dat/leap/parm/frcmod.ionsjc_tip3p
Reading force field modification type file (frcmod)
Reading title:
Monovalent ion parameters for Ewald and TIP3P water from Joung & Cheatham JPCB (2008)
Loading parameters: /opt/install/conda/envs/ambertools/dat/leap/parm/frcmod.ions234lm_126_tip3p
Reading force field modification type file (frcmod)
Reading title:
Li/Merz ion parameters of divalent to tetravalent ions for TIP3P water model (12-6 normal usage set)
Loading Mol2 file: ../../1-sys_prep//lig.gaff2.mol2
Reading MOLECULE named SML
 Creating SML.lib
Building topology.
Building atom parameters.
Loading parameters: ../../1-sys_prep/lig.gaff2.frcmod
Reading force field modification type file (frcmod)
Reading title:
Remark line goes here
Loading library: ./SML.lib
Loading PDB file: ./ligandOnly.pdb
  total atoms in file: 25018
Box dimensions:  66.001000 65.911000 65.428000
  Solute vdw bounding box:              66.000 66.000 66.000
  Total bounding box for atom centers:  66.000 66.000 66.000
  Solvent unit box:                     18.774 18.774 18.774
  Total vdw box size:                   68.827 69.494 68.981 angstroms.
  Volume: 329945.004 A^3 
  Total mass 154241.152 amu,  Density 0.776 g/cc
  Added 73 residues.
32 Cl- ions required to neutralize.
Adding 32 counter ions to "mybox" using 1A grid
Grid extends from solute vdw + 8.06  to  14.57
Resolution:      1.00 Angstrom.
Solvent present: replacing closest with ion
	 when steric overlaps occur
Calculating grid charges
(Replacing solvent molecule)
Placed Cl- in mybox at (-11.73, -3.39, 4.39).
(Replacing solvent molecule)
Placed Cl- in mybox at (-4.47, 13.51, 0.32).
(Replacing solvent molecule)
Placed Cl- in mybox at (6.13, 9.72, -15.59).
(Replacing solvent molecule)
Placed Cl- in mybox at (-3.64, -9.73, 1.25).
(Replacing solvent molecule)
Placed Cl- in mybox at (13.34, 0.26, -2.06).
(Replacing solvent molecule)
Placed Cl- in mybox at (2.79, -8.12, -15.26).
(Replacing solvent molecule)
Placed Cl- in mybox at (4.80, 4.48, 13.64).
(Replacing solvent molecule)
Placed Cl- in mybox at (-10.98, 13.33, 6.22).
(Replacing solvent molecule)
Placed Cl- in mybox at (-4.48, -12.37, 11.39).
(Replacing solvent molecule)
Placed Cl- in mybox at (12.19, -9.03, -2.12).
(Replacing solvent molecule)
Placed Cl- in mybox at (-17.22, 1.38, -6.54).
(Replacing solvent molecule)
Placed Cl- in mybox at (-16.39, 10.44, 15.52).
(Replacing solvent molecule)
Placed Cl- in mybox at (16.58, 5.64, -23.59).
(Replacing solvent molecule)
Placed Cl- in mybox at (10.37, -5.70, 12.97).
(Replacing solvent molecule)
Placed Cl- in mybox at (-10.52, 13.12, -13.59).
(Replacing solvent molecule)
Placed Cl- in mybox at (4.79, 12.32, 8.67).
(Replacing solvent molecule)
Placed Cl- in mybox at (-0.46, -0.81, -24.26).
(Replacing solvent molecule)
Placed Cl- in mybox at (-10.35, -10.05, -8.39).
(Replacing solvent molecule)
Placed Cl- in mybox at (2.46, 16.41, -19.75).
(Replacing solvent molecule)
Placed Cl- in mybox at (0.70, -4.62, 19.62).
(Replacing solvent molecule)
Placed Cl- in mybox at (17.28, 4.26, -3.04).
(Replacing solvent molecule)
Placed Cl- in mybox at (4.85, -15.01, -4.90).
(Replacing solvent molecule)
Placed Cl- in mybox at (8.62, 17.76, -0.93).
(Replacing solvent molecule)
Placed Cl- in mybox at (-16.95, 21.29, -2.86).
(Replacing solvent molecule)
Placed Cl- in mybox at (13.78, -15.35, 11.09).
(Replacing solvent molecule)
Placed Cl- in mybox at (-27.89, 23.96, 20.30).
(Replacing solvent molecule)
Placed Cl- in mybox at (-15.89, -21.94, 27.61).
(Replacing solvent molecule)
Placed Cl- in mybox at (8.66, -4.47, -23.15).
(Replacing solvent molecule)
Placed Cl- in mybox at (-10.73, 11.52, 21.68).
(No solvent overlap)
Placed Cl- in mybox at (0.63, -35.21, -4.57).
(Replacing solvent molecule)
Placed Cl- in mybox at (-14.77, 3.97, -17.45).
(Replacing solvent molecule)
Placed Cl- in mybox at (19.63, 7.95, 9.21).

Done adding ions.
Checking 'mybox'....
Checking parameters for unit 'mybox'.
Checking for bond parameters.
Checking for angle parameters.
Unit is OK.
Total unperturbed charge:  -0.002000
Total perturbed charge:    -0.002000
Checking Unit.
Building topology.
Building atom parameters.
Building bond parameters.
Building angle parameters.
Building proper torsion parameters.
Building improper torsion parameters.
 total 8 improper torsions applied
Building H-Bond parameters.
Incorporating Non-Bonded adjustments.
Not Marking per-residue atom chain types.
Marking per-residue atom chain types.
  (Residues lacking connect0/connect1 - 
   these don't have chain types marked:

	res	total affected

	SML	1
	WAT	8349
  )
 (no restraints)
Writing pdb file: ligandOnly.pdb
   printing CRYST1 record to PDB file with box info
	Quit

Exiting LEaP: Errors = 0; Warnings = 0; Notes = 0.
