            --------------------------------------------------------
                             AMBER SQM VERSION 19
 
                                     By
              Ross C. Walker, Michael F. Crowley, Scott Brozell,
                         Tim Giese, Andreas W. Goetz,
                        Tai-Sung Lee and David A. Case
 
            --------------------------------------------------------
 

--------------------------------------------------------------------------------
  QM CALCULATION INFO
--------------------------------------------------------------------------------

| QMMM: Citation for AMBER QMMM Run:
| QMMM: R.C. Walker, M.F. Crowley and D.A. Case, J. COMP. CHEM. 29:1019, 2008

QMMM: SINGLET STATE CALCULATION
QMMM: RHF CALCULATION, NO. OF DOUBLY OCCUPIED LEVELS = 34

| QMMM: *** Selected Hamiltonian *** 
| QMMM: AM1         

| QMMM: *** Parameter sets in use ***
| QMMM: C : M.J.S.DEWAR et al. JACS, 107, 3902, (1985)
| QMMM: N : M.J.S.DEWAR et al. JACS, 107, 3902, (1985)
| QMMM: O : M.J.S.DEWAR et al. JACS, 107, 3902, (1985)
| QMMM: H : M.J.S.DEWAR et al. JACS, 107, 3902, (1985)

| QMMM: *** SCF convergence criteria ***
| QMMM: Energy change                :  0.1D-09 kcal/mol
| QMMM: Error matrix |FP-PF|         :  0.1D+00 au
| QMMM: Density matrix change        :  0.5D-06
| QMMM: Maximum number of SCF cycles :     1000

| QMMM: *** Diagonalization Routine Information ***
| QMMM: Pseudo diagonalizations are allowed.
| QMMM: Auto diagonalization routine selection is in use.
| QMMM:
| QMMM: Timing diagonalization routines:
| QMMM:                              norbs =       60
| QMMM:    diag iterations used for timing =       15
| QMMM:
| QMMM:              Internal diag routine = 0.012592 seconds
| QMMM:                 Dspev diag routine = 0.013470 seconds
| QMMM:                Dspevd diag routine = 0.012049 seconds
| QMMM:                Dspevx diag routine = 0.048815 seconds
| QMMM:                 Dsyev diag routine = 0.012643 seconds
| QMMM:                Dsyevd diag routine = 0.011244 seconds
| QMMM:                Dsyevr diag routine = 0.013771 seconds
| QMMM:
| QMMM:                Pseudo diag routine = 0.004603 seconds
| QMMM:
| QMMM: Using dsyevd routine (diag_routine=6).

  QMMM: QM Region Cartesian Coordinates (*=link atom) 
  QMMM: QM_NO.   MM_NO.  ATOM         X         Y         Z
  QMMM:     1        1      C        9.8580    0.3120   37.7930
  QMMM:     2        2      N        9.7180    1.6530   37.5110
  QMMM:     3        3      C       10.4920    2.5290   38.2040
  QMMM:     4        4      O       11.2520    2.0350   39.0330
  QMMM:     5        5      N       10.4700    3.8860   38.0400
  QMMM:     6        6      C       11.2650    4.7520   38.7600
  QMMM:     7        7      C        9.5830    4.2930   37.0920
  QMMM:     8        8      C        8.8130    3.4030   36.4010
  QMMM:     9        9      C        8.8270    2.0050   36.5620
  QMMM:    10       10      O        8.1640    1.1530   35.9760
  QMMM:    11       11      N        8.0410    4.1640   35.5350
  QMMM:    12       12      C        8.3950    5.4540   35.7590
  QMMM:    13       13      N        9.3110    5.5930   36.6790
  QMMM:    14       14      H        9.9660    0.1640   38.8720
  QMMM:    15       15      H       10.7430   -0.0730   37.2880
  QMMM:    16       16      H        8.9820   -0.2430   37.4520
  QMMM:    17       17      H       10.8900    4.8260   39.7800
  QMMM:    18       18      H       11.2490    5.7410   38.2970
  QMMM:    19       19      H       12.2880    4.3770   38.7750
  QMMM:    20       20      H        7.3660    3.7900   34.8840
  QMMM:    21       21      H        7.9490    6.2970   35.2240

--------------------------------------------------------------------------------
  RESULTS
--------------------------------------------------------------------------------

      iter         sqm energy              rms gradient
      ----    -------------------    -----------------------
xmin    10        4.5053 kcal/mol        0.4219 kcal/(mol*A)
xmin    20        4.3270 kcal/mol        0.0641 kcal/(mol*A)
xmin    30        4.2927 kcal/mol        0.0749 kcal/(mol*A)
xmin    40        4.2843 kcal/mol        0.0578 kcal/(mol*A)
xmin    50        4.2832 kcal/mol        0.0246 kcal/(mol*A)
xmin    60        4.2828 kcal/mol        0.0179 kcal/(mol*A)
xmin    70        4.2828 kcal/mol        0.0030 kcal/(mol*A)
xmin    80        4.2828 kcal/mol        0.0019 kcal/(mol*A)
xmin    90        4.2828 kcal/mol        0.0016 kcal/(mol*A)
xmin   100        4.2828 kcal/mol        0.0048 kcal/(mol*A)
xmin   110        4.2828 kcal/mol        0.0016 kcal/(mol*A)
xmin   120        4.2828 kcal/mol        0.0016 kcal/(mol*A)
xmin   130        4.2828 kcal/mol        0.0011 kcal/(mol*A)
  ... geometry converged !
 
 Final MO eigenvalues (eV):
 -42.3682  -40.4644  -39.1191  -36.8449  -35.6756  -33.2960  -31.0277  -28.0207
 -27.4567  -24.3268  -23.9430  -22.6493  -20.7184  -19.3048  -18.4040  -17.5587
 -17.1314  -16.8024  -16.2011  -15.7550  -15.5564  -15.2493  -15.1020  -14.1027
 -13.6554  -13.3402  -13.1817  -12.4820  -12.0171  -11.7506  -11.3745  -10.8994
 -10.4995   -9.0818   -0.3812    0.3588    0.7076    1.0474    1.2981    1.6984
   2.0839    2.7148    3.0799    3.3245    3.7152    3.9870    4.1273    4.1309
   4.2237    4.2327    4.4042    4.4209    4.5854    4.9279    5.1711    5.5796
   5.8041    6.0511    6.2701    6.7659

 Heat of formation   =          4.28275161 kcal/mol  (        0.18571405 eV)

 Total SCF energy    =     -57035.35835754 kcal/mol  (    -2473.23873022 eV)
 Electronic energy   =    -291884.98081870 kcal/mol  (   -12657.08255577 eV)
 Core-core repulsion =     234849.62246117 kcal/mol  (    10183.84382556 eV)
 
    Atomic Charges for Step       1 :
  Atom    Element       Mulliken Charge
     1      C                 -0.075
     2      N                 -0.313
     3      C                  0.405
     4      O                 -0.360
     5      N                 -0.233
     6      C                 -0.065
     7      C                  0.079
     8      C                 -0.243
     9      C                  0.399
    10      O                 -0.349
    11      N                 -0.153
    12      C                 -0.040
    13      N                 -0.158
    14      H                  0.094
    15      H                  0.094
    16      H                  0.121
    17      H                  0.093
    18      H                  0.093
    19      H                  0.124
    20      H                  0.278
    21      H                  0.209
 Total Mulliken Charge =       0.000
 
                  X        Y        Z     TOTAL  
  QM DIPOLE    -1.692    2.164   -1.759    3.262
 
 Final Structure

  QMMM: QM Region Cartesian Coordinates (*=link atom) 
  QMMM: QM_NO.   MM_NO.  ATOM         X         Y         Z
  QMMM:     1        1      C        9.9382    0.1755   37.7653
  QMMM:     2        2      N        9.7529    1.5818   37.4916
  QMMM:     3        3      C       10.5811    2.4786   38.2169
  QMMM:     4        4      O       11.4107    2.0278   39.0367
  QMMM:     5        5      N       10.4783    3.8786   38.0223
  QMMM:     6        6      C       11.3154    4.7918   38.7546
  QMMM:     7        7      C        9.5496    4.3481   37.1069
  QMMM:     8        8      C        8.7183    3.4370   36.3797
  QMMM:     9        9      C        8.7904    1.9974   36.5481
  QMMM:    10       10      O        8.0831    1.1801   35.9323
  QMMM:    11       11      N        7.9083    4.2179   35.5555
  QMMM:    12       12      C        8.2631    5.5396   35.8013
  QMMM:    13       13      N        9.2498    5.6682   36.7304
  QMMM:    14       14      H        9.7414   -0.0240   38.8525
  QMMM:    15       15      H       10.9979   -0.1149   37.5344
  QMMM:    16       16      H        9.2320   -0.4250   37.1335
  QMMM:    17       17      H       10.6724    5.4877   39.3573
  QMMM:    18       18      H       11.9312    5.3945   38.0346
  QMMM:    19       19      H       11.9934    4.2168   39.4404
  QMMM:    20       20      H        7.2272    3.8674   34.9324
  QMMM:    21       21      H        7.7871    6.3862   35.2901

           --------- Calculation Completed ----------

