-I: Adding /opt/install/conda/envs/ambertools/dat/leap/prep to search path.
-I: Adding /opt/install/conda/envs/ambertools/dat/leap/lib to search path.
-I: Adding /opt/install/conda/envs/ambertools/dat/leap/parm to search path.
-I: Adding /opt/install/conda/envs/ambertools/dat/leap/cmd to search path.
-f: Source tleap_ligOnly.in.

Welcome to LEaP!
(no leaprc in search path)
Sourcing: ./tleap_ligOnly.in
----- Source: /opt/install/conda/envs/ambertools/dat/leap/cmd/leaprc.gaff2
----- Source of /opt/install/conda/envs/ambertools/dat/leap/cmd/leaprc.gaff2 done
Log file: ./leap.log
Loading parameters: /opt/install/conda/envs/ambertools/dat/leap/parm/gaff2.dat
Reading title:
AMBER General Force Field for organic molecules (Version 2.11, May 2016)
----- Source: /opt/install/conda/envs/ambertools/dat/leap/cmd/leaprc.water.tip3p
----- Source of /opt/install/conda/envs/ambertools/dat/leap/cmd/leaprc.water.tip3p done
Loading library: /opt/install/conda/envs/ambertools/dat/leap/lib/atomic_ions.lib
Loading library: /opt/install/conda/envs/ambertools/dat/leap/lib/solvents.lib
Loading parameters: /opt/install/conda/envs/ambertools/dat/leap/parm/frcmod.tip3p
Reading force field modification type file (frcmod)
Reading title:
This is the additional/replacement parameter set for TIP3P water
Loading parameters: /opt/install/conda/envs/ambertools/dat/leap/parm/frcmod.ions1lm_126_tip3p
Reading force field modification type file (frcmod)
Reading title:
Li/Merz ion parameters of monovalent ions for TIP3P water model (12-6 normal usage set)
Loading parameters: /opt/install/conda/envs/ambertools/dat/leap/parm/frcmod.ionsjc_tip3p
Reading force field modification type file (frcmod)
Reading title:
Monovalent ion parameters for Ewald and TIP3P water from Joung & Cheatham JPCB (2008)
Loading parameters: /opt/install/conda/envs/ambertools/dat/leap/parm/frcmod.ions234lm_126_tip3p
Reading force field modification type file (frcmod)
Reading title:
Li/Merz ion parameters of divalent to tetravalent ions for TIP3P water model (12-6 normal usage set)
Loading Mol2 file: ../../1-sys_prep//lig.gaff2.mol2
Reading MOLECULE named SML
 Creating SML.lib
Building topology.
Building atom parameters.
Loading parameters: ../../1-sys_prep/lig.gaff2.frcmod
Reading force field modification type file (frcmod)
Reading title:
Remark line goes here
Loading library: ./SML.lib
Loading PDB file: ./ligandOnly.pdb
  total atoms in file: 30131
Box dimensions:  69.488000 69.370000 69.492000
  Solute vdw bounding box:              70.000 70.000 70.000
  Total bounding box for atom centers:  70.000 70.000 70.000
  Solvent unit box:                     18.774 18.774 18.774
  Total vdw box size:                   72.569 72.481 73.325 angstroms.
  Volume: 385681.449 A^3 
  Total mass 182740.365 amu,  Density 0.787 g/cc
  Added 69 residues.
32 Cl- ions required to neutralize.
Adding 32 counter ions to "mybox" using 1A grid
Grid extends from solute vdw + 8.06  to  13.97
Resolution:      1.00 Angstrom.
Solvent present: replacing closest with ion
	 when steric overlaps occur
Calculating grid charges
(Replacing solvent molecule)
Placed Cl- in mybox at (1.98, 5.46, -8.73).
(Replacing solvent molecule)
Placed Cl- in mybox at (-1.42, -14.28, -10.65).
(Replacing solvent molecule)
Placed Cl- in mybox at (1.92, 13.39, 7.52).
(Replacing solvent molecule)
Placed Cl- in mybox at (12.79, -11.82, -9.76).
(Replacing solvent molecule)
Placed Cl- in mybox at (6.16, -5.84, 8.78).
(Replacing solvent molecule)
Placed Cl- in mybox at (9.93, 6.75, -8.15).
(Replacing solvent molecule)
Placed Cl- in mybox at (7.37, -2.44, -21.30).
(Replacing solvent molecule)
Placed Cl- in mybox at (-2.15, -1.99, 12.23).
(Replacing solvent molecule)
Placed Cl- in mybox at (-9.43, 2.16, -8.51).
(Replacing solvent molecule)
Placed Cl- in mybox at (-4.45, 17.06, 2.02).
(Replacing solvent molecule)
Placed Cl- in mybox at (3.46, -16.23, -22.34).
(Replacing solvent molecule)
Placed Cl- in mybox at (14.85, 11.44, -0.11).
(Replacing solvent molecule)
Placed Cl- in mybox at (1.87, -18.78, 1.25).
(Replacing solvent molecule)
Placed Cl- in mybox at (-16.02, 8.35, 11.99).
(Replacing solvent molecule)
Placed Cl- in mybox at (17.65, -3.85, -19.42).
(Replacing solvent molecule)
Placed Cl- in mybox at (-9.38, -7.12, -15.97).
(Replacing solvent molecule)
Placed Cl- in mybox at (18.00, 9.18, -11.10).
(Replacing solvent molecule)
Placed Cl- in mybox at (11.54, 0.91, 13.56).
(Replacing solvent molecule)
Placed Cl- in mybox at (-10.53, -21.30, -6.88).
(Replacing solvent molecule)
Placed Cl- in mybox at (-5.05, 6.08, -16.10).
(Replacing solvent molecule)
Placed Cl- in mybox at (-2.34, 6.23, 21.83).
(Replacing solvent molecule)
Placed Cl- in mybox at (19.89, -4.69, -5.44).
(Replacing solvent molecule)
Placed Cl- in mybox at (19.34, -12.07, -26.04).
(Replacing solvent molecule)
Placed Cl- in mybox at (-17.50, 6.83, 1.67).
(Replacing solvent molecule)
Placed Cl- in mybox at (3.64, 18.30, -1.29).
(Replacing solvent molecule)
Placed Cl- in mybox at (-6.37, -27.98, -18.85).
(Replacing solvent molecule)
Placed Cl- in mybox at (32.83, 7.67, -18.28).
(Replacing solvent molecule)
Placed Cl- in mybox at (-13.28, -11.15, 2.52).
(Replacing solvent molecule)
Placed Cl- in mybox at (-3.85, -3.26, 22.83).
(Replacing solvent molecule)
Placed Cl- in mybox at (10.55, -20.92, -16.74).
(Replacing solvent molecule)
Placed Cl- in mybox at (8.57, 20.00, -31.78).
(Replacing solvent molecule)
Placed Cl- in mybox at (11.24, 9.42, 6.56).

Done adding ions.
Checking 'mybox'....

/opt/install/conda/envs/ambertools/bin/teLeap: Warning!
Close contact of 1.498 angstroms between nonbonded atoms H2 and H1
-------  .R<WAT 8750>.A<H2 3> and .R<WAT 4500>.A<H1 2>

/opt/install/conda/envs/ambertools/bin/teLeap: Warning!
Close contact of 1.495 angstroms between nonbonded atoms H1 and O
-------  .R<WAT 3367>.A<H1 2> and .R<WAT 965>.A<O 1>

/opt/install/conda/envs/ambertools/bin/teLeap: Warning!
Close contact of 1.488 angstroms between nonbonded atoms H1 and O
-------  .R<WAT 2899>.A<H1 2> and .R<WAT 1628>.A<O 1>

/opt/install/conda/envs/ambertools/bin/teLeap: Warning!
Close contact of 1.494 angstroms between nonbonded atoms H2 and O
-------  .R<WAT 2098>.A<H2 3> and .R<WAT 1276>.A<O 1>
Checking parameters for unit 'mybox'.
Checking for bond parameters.
Checking for angle parameters.
check:  Warnings: 4
Unit is OK.
Total unperturbed charge:  -0.000001
Total perturbed charge:    -0.000001
Checking Unit.
Building topology.
Building atom parameters.
Building bond parameters.
Building angle parameters.
Building proper torsion parameters.
Building improper torsion parameters.
 total 8 improper torsions applied
Building H-Bond parameters.
Incorporating Non-Bonded adjustments.
Not Marking per-residue atom chain types.
Marking per-residue atom chain types.
  (Residues lacking connect0/connect1 - 
   these don't have chain types marked:

	res	total affected

	SML	1
	WAT	10064
  )
 (no restraints)
Writing pdb file: ligandOnly.pdb
   printing CRYST1 record to PDB file with box info
	Quit

Exiting LEaP: Errors = 0; Warnings = 4; Notes = 0.
