-I: Adding /opt/install/conda/envs/ambertools/dat/leap/prep to search path.
-I: Adding /opt/install/conda/envs/ambertools/dat/leap/lib to search path.
-I: Adding /opt/install/conda/envs/ambertools/dat/leap/parm to search path.
-I: Adding /opt/install/conda/envs/ambertools/dat/leap/cmd to search path.
-f: Source tleap_ligOnly.in.

Welcome to LEaP!
(no leaprc in search path)
Sourcing: ./tleap_ligOnly.in
----- Source: /opt/install/conda/envs/ambertools/dat/leap/cmd/leaprc.gaff2
----- Source of /opt/install/conda/envs/ambertools/dat/leap/cmd/leaprc.gaff2 done
Log file: ./leap.log
Loading parameters: /opt/install/conda/envs/ambertools/dat/leap/parm/gaff2.dat
Reading title:
AMBER General Force Field for organic molecules (Version 2.11, May 2016)
----- Source: /opt/install/conda/envs/ambertools/dat/leap/cmd/leaprc.water.tip3p
----- Source of /opt/install/conda/envs/ambertools/dat/leap/cmd/leaprc.water.tip3p done
Loading library: /opt/install/conda/envs/ambertools/dat/leap/lib/atomic_ions.lib
Loading library: /opt/install/conda/envs/ambertools/dat/leap/lib/solvents.lib
Loading parameters: /opt/install/conda/envs/ambertools/dat/leap/parm/frcmod.tip3p
Reading force field modification type file (frcmod)
Reading title:
This is the additional/replacement parameter set for TIP3P water
Loading parameters: /opt/install/conda/envs/ambertools/dat/leap/parm/frcmod.ions1lm_126_tip3p
Reading force field modification type file (frcmod)
Reading title:
Li/Merz ion parameters of monovalent ions for TIP3P water model (12-6 normal usage set)
Loading parameters: /opt/install/conda/envs/ambertools/dat/leap/parm/frcmod.ionsjc_tip3p
Reading force field modification type file (frcmod)
Reading title:
Monovalent ion parameters for Ewald and TIP3P water from Joung & Cheatham JPCB (2008)
Loading parameters: /opt/install/conda/envs/ambertools/dat/leap/parm/frcmod.ions234lm_126_tip3p
Reading force field modification type file (frcmod)
Reading title:
Li/Merz ion parameters of divalent to tetravalent ions for TIP3P water model (12-6 normal usage set)
Loading Mol2 file: ../../1-sys_prep//lig.gaff2.mol2
Reading MOLECULE named SML
 Creating SML.lib
Building topology.
Building atom parameters.
Loading parameters: ../../1-sys_prep/lig.gaff2.frcmod
Reading force field modification type file (frcmod)
Reading title:
Remark line goes here
Loading library: ./SML.lib
Loading PDB file: ./ligandOnly.pdb
  total atoms in file: 30081
Box dimensions:  69.441000 69.510000 69.380000
  Solute vdw bounding box:              70.000 70.000 70.000
  Total bounding box for atom centers:  70.000 70.000 70.000
  Solvent unit box:                     18.774 18.774 18.774
  Total vdw box size:                   72.500 72.564 73.325 angstroms.
  Volume: 385756.425 A^3 
  Total mass 183138.961 amu,  Density 0.788 g/cc
  Added 79 residues.
32 Cl- ions required to neutralize.
Adding 32 counter ions to "mybox" using 1A grid
Grid extends from solute vdw + 8.06  to  14.57
Resolution:      1.00 Angstrom.
Solvent present: replacing closest with ion
	 when steric overlaps occur
Calculating grid charges
(Replacing solvent molecule)
Placed Cl- in mybox at (1.33, 13.07, 6.48).
(Replacing solvent molecule)
Placed Cl- in mybox at (3.04, -11.23, -2.39).
(Replacing solvent molecule)
Placed Cl- in mybox at (6.34, 4.21, -13.02).
(Replacing solvent molecule)
Placed Cl- in mybox at (18.31, 5.08, 1.70).
(Replacing solvent molecule)
Placed Cl- in mybox at (12.29, 16.48, -10.02).
(Replacing solvent molecule)
Placed Cl- in mybox at (0.59, -17.45, 4.68).
(Replacing solvent molecule)
Placed Cl- in mybox at (-8.53, -1.98, -12.92).
(Replacing solvent molecule)
Placed Cl- in mybox at (-12.43, -0.78, 6.17).
(Replacing solvent molecule)
Placed Cl- in mybox at (3.77, -15.83, -6.83).
(Replacing solvent molecule)
Placed Cl- in mybox at (3.92, 21.83, -7.31).
(Replacing solvent molecule)
Placed Cl- in mybox at (5.26, 7.85, 12.80).
(Replacing solvent molecule)
Placed Cl- in mybox at (-12.60, -23.83, -0.54).
(Replacing solvent molecule)
Placed Cl- in mybox at (10.41, -4.42, -8.16).
(Replacing solvent molecule)
Placed Cl- in mybox at (-3.75, -4.30, 11.54).
(Replacing solvent molecule)
Placed Cl- in mybox at (-12.50, -10.69, -11.89).
(Replacing solvent molecule)
Placed Cl- in mybox at (11.08, -6.36, 8.00).
(Replacing solvent molecule)
Placed Cl- in mybox at (8.02, 9.63, -28.13).
(Replacing solvent molecule)
Placed Cl- in mybox at (-4.53, 18.79, 2.67).
(Replacing solvent molecule)
Placed Cl- in mybox at (-18.93, -12.75, 0.61).
(Replacing solvent molecule)
Placed Cl- in mybox at (18.82, 17.09, 0.81).
(Replacing solvent molecule)
Placed Cl- in mybox at (-6.25, -12.87, -31.54).
(Replacing solvent molecule)
Placed Cl- in mybox at (-6.43, -22.27, -11.95).
(Replacing solvent molecule)
Placed Cl- in mybox at (-2.93, 5.70, -16.41).
(Replacing solvent molecule)
Placed Cl- in mybox at (11.73, 21.55, 6.85).
(Replacing solvent molecule)
Placed Cl- in mybox at (-28.00, 12.90, 25.43).
(Replacing solvent molecule)
Placed Cl- in mybox at (15.32, 5.43, -10.72).
(Replacing solvent molecule)
Placed Cl- in mybox at (-6.04, -4.38, 22.58).
(Replacing solvent molecule)
Placed Cl- in mybox at (3.25, -29.39, -24.78).
(Replacing solvent molecule)
Placed Cl- in mybox at (-22.39, -31.88, -11.20).
(Replacing solvent molecule)
Placed Cl- in mybox at (2.28, 31.58, -12.97).
(Replacing solvent molecule)
Placed Cl- in mybox at (-9.95, -19.54, 6.12).
(Replacing solvent molecule)
Placed Cl- in mybox at (-15.35, 11.77, -11.15).

Done adding ions.
Checking 'mybox'....
Checking parameters for unit 'mybox'.
Checking for bond parameters.
Checking for angle parameters.
Unit is OK.
Total unperturbed charge:  -0.002000
Total perturbed charge:    -0.002000
Checking Unit.
Building topology.
Building atom parameters.
Building bond parameters.
Building angle parameters.
Building proper torsion parameters.
Building improper torsion parameters.
 total 8 improper torsions applied
Building H-Bond parameters.
Incorporating Non-Bonded adjustments.
Not Marking per-residue atom chain types.
Marking per-residue atom chain types.
  (Residues lacking connect0/connect1 - 
   these don't have chain types marked:

	res	total affected

	SML	1
	WAT	10052
  )
 (no restraints)
Writing pdb file: ligandOnly.pdb
   printing CRYST1 record to PDB file with box info
	Quit

Exiting LEaP: Errors = 0; Warnings = 0; Notes = 0.
